"2022-09-08 11:07:44.740 background-preinit INFO   o.h.v.internal.util.Version.<clinit>:21 - HV000001: Hibernate Validator 6.1.6.Final
""2022-09-08 11:07:44.740 main INFO   h.s.s.SimpleLogfileExampleApplication.logStarting:55 - Starting SimpleLogfileExampleApplication on DESKTOP-VJBPC13 with PID 15768 (E:\项目\simple-log-solution-scl\simple-logfile-example\target\classes started by 司超龙 in E:\项目\simple-log-solution-scl)
""2022-09-08 11:07:44.740 main INFO   h.s.s.SimpleLogfileExampleApplication.logStartupProfileInfo:651 - No active profile set, falling back to default profiles: default
""2022-09-08 11:07:45.603 main INFO   o.s.b.w.e.t.TomcatWebServer.initialize:108 - Tomcat initialized with port(s): 8080 (http)
""2022-09-08 11:07:45.603 main INFO   o.a.c.http11.Http11NioProtocol.log:173 - Initializing ProtocolHandler ["http-nio-8080"]
""2022-09-08 11:07:45.603 main INFO   o.a.c.core.StandardService.log:173 - Starting service [Tomcat]
""2022-09-08 11:07:45.603 main INFO   o.a.c.core.StandardEngine.log:173 - Starting Servlet engine: [Apache Tomcat/9.0.41]
""2022-09-08 11:07:45.666 main INFO   o.a.c.c.C.[.[localhost].[/].log:173 - Initializing Spring embedded WebApplicationContext
""2022-09-08 11:07:45.666 main INFO   o.s.b.w.s.c.ServletWebServerApplicationContext.prepareWebApplicationContext:285 - Root WebApplicationContext: initialization completed in 863 ms
""2022-09-08 11:07:45.886 main INFO   o.a.c.http11.Http11NioProtocol.log:173 - Starting ProtocolHandler ["http-nio-8080"]
""2022-09-08 11:07:45.902 main INFO   o.s.b.w.e.t.TomcatWebServer.start:220 - Tomcat started on port(s): 8080 (http) with context path ''
""2022-09-08 11:07:45.917 main INFO   h.s.s.SimpleLogfileExampleApplication.logStarted:61 - Started SimpleLogfileExampleApplication in 1.717 seconds (JVM running for 3.676)
""2022-09-08 11:08:23.125 http-nio-8080-exec-1 INFO   o.a.c.c.C.[.[localhost].[/].log:173 - Initializing Spring DispatcherServlet 'dispatcherServlet'
""2022-09-08 11:08:23.126 http-nio-8080-exec-1 INFO   o.s.w.s.DispatcherServlet.initServletBean:525 - Initializing Servlet 'dispatcherServlet'
""2022-09-08 11:08:23.131 http-nio-8080-exec-1 INFO   o.s.w.s.DispatcherServlet.initServletBean:547 - Completed initialization in 5 ms
""2022-09-08 11:08:23.139 http-nio-8080-exec-1 INFO   h.s.s.s.i.LoginInterceptor.preHandle:31 - preHandler执行！
""2022-09-08 11:08:23.140 http-nio-8080-exec-1 INFO   h.s.s.s.i.LoginInterceptor.preHandle:33 - ......
""2022-09-08 11:08:23.145 http-nio-8080-exec-1 INFO  scl h.s.s.a.c.OrderController.createOrder:30 - 【controller 开始创建订单...】===>11111111,商品名称：IPhone 14
""2022-09-08 11:08:23.272 http-nio-8080-exec-1 INFO  scl h.s.s.a.s.OrderServiceImpl.createOrder:25 - 【service 开始创建订单...】===>11111111,商品名称：IPhone 14
""2022-09-08 11:08:23.326 http-nio-8080-exec-1 INFO  scl c.m.l.s.i.DefaultLogRecordServiceImpl.record:23 - 【logRecord】log=LogRecord(id=null, tenant=henu.soft.scl, type=order_, subType=, bizNo=11111111, operator=111, action=下了一个订单,购买商品「IPhone 14」,测试变量「内部变量测试」,下单结果:true, fail=false, createTime=Thu Sep 08 11:08:23 CST 2022, extra=, codeVariable={ClassName=class henu.soft.scl.annotationway.service.OrderServiceImpl, MethodName=createOrder})
"