"2022-09-13 15:21:13.388 main INFO   h.s.e.SimpleLogstashElkExampleApplication.logStarting:55 - Starting SimpleLogstashElkExampleApplication on DESKTOP-VJBPC13 with PID 17220 (E:\项目\simple-log-solution-scl\simple-logstash-elk-example\target\classes started by 司超龙 in E:\项目\simple-log-solution-scl)
""2022-09-13 15:21:13.397 main INFO   h.s.e.SimpleLogstashElkExampleApplication.logStartupProfileInfo:651 - No active profile set, falling back to default profiles: default
""2022-09-13 15:21:17.566 main INFO   o.s.b.w.e.t.TomcatWebServer.initialize:108 - Tomcat initialized with port(s): 7788 (http)
""2022-09-13 15:21:17.601 main INFO   o.a.c.http11.Http11NioProtocol.log:173 - Initializing ProtocolHandler ["http-nio-7788"]
""2022-09-13 15:21:17.610 main INFO   o.a.c.core.StandardService.log:173 - Starting service [Tomcat]
""2022-09-13 15:21:17.611 main INFO   o.a.c.core.StandardEngine.log:173 - Starting Servlet engine: [Apache Tomcat/9.0.41]
""2022-09-13 15:21:17.820 main INFO   o.a.c.c.C.[.[localhost].[/].log:173 - Initializing Spring embedded WebApplicationContext
""2022-09-13 15:21:17.827 main INFO   o.s.b.w.s.c.ServletWebServerApplicationContext.prepareWebApplicationContext:285 - Root WebApplicationContext: initialization completed in 4148 ms
""2022-09-13 15:21:18.764 main INFO   o.s.s.c.ThreadPoolTaskExecutor.initialize:181 - Initializing ExecutorService 'applicationTaskExecutor'
""2022-09-13 15:21:19.218 main INFO   o.a.c.http11.Http11NioProtocol.log:173 - Starting ProtocolHandler ["http-nio-7788"]
""2022-09-13 15:21:19.271 main INFO   o.s.b.w.e.t.TomcatWebServer.start:220 - Tomcat started on port(s): 7788 (http) with context path ''
""2022-09-13 15:21:19.353 main INFO   h.s.e.SimpleLogstashElkExampleApplication.logStarted:61 - Started SimpleLogstashElkExampleApplication in 9.088 seconds (JVM running for 16.297)
""2022-09-13 15:21:19.906 http-nio-7788-exec-1 INFO   o.a.c.c.C.[.[localhost].[/].log:173 - Initializing Spring DispatcherServlet 'dispatcherServlet'
""2022-09-13 15:21:19.909 http-nio-7788-exec-1 INFO   o.s.w.s.DispatcherServlet.initServletBean:525 - Initializing Servlet 'dispatcherServlet'
""2022-09-13 15:21:19.924 http-nio-7788-exec-1 INFO   o.s.w.s.DispatcherServlet.initServletBean:547 - Completed initialization in 14 ms
""2022-09-13 15:21:19.987 ForkJoinPool.commonPool-worker-3 INFO   h.soft.elk.test.TestController.lambda$createOrder$0:32 - springboot整合logstash... this is info level ......2022-09-13 15:21:19
""2022-09-13 15:21:25.005 ForkJoinPool.commonPool-worker-3 INFO   h.soft.elk.test.TestController.lambda$createOrder$0:32 - springboot整合logstash... this is info level ......2022-09-13 15:21:25
""2022-09-13 15:21:30.009 ForkJoinPool.commonPool-worker-3 INFO   h.soft.elk.test.TestController.lambda$createOrder$0:32 - springboot整合logstash... this is info level ......2022-09-13 15:21:30
""2022-09-13 15:21:35.017 ForkJoinPool.commonPool-worker-3 INFO   h.soft.elk.test.TestController.lambda$createOrder$0:32 - springboot整合logstash... this is info level ......2022-09-13 15:21:35
""2022-09-13 15:21:40.030 ForkJoinPool.commonPool-worker-3 INFO   h.soft.elk.test.TestController.lambda$createOrder$0:32 - springboot整合logstash... this is info level ......2022-09-13 15:21:40
""2022-09-13 15:21:45.053 ForkJoinPool.commonPool-worker-3 INFO   h.soft.elk.test.TestController.lambda$createOrder$0:32 - springboot整合logstash... this is info level ......2022-09-13 15:21:45
""2022-09-13 15:21:50.056 ForkJoinPool.commonPool-worker-3 INFO   h.soft.elk.test.TestController.lambda$createOrder$0:32 - springboot整合logstash... this is info level ......2022-09-13 15:21:50
""2022-09-13 15:21:55.068 ForkJoinPool.commonPool-worker-3 INFO   h.soft.elk.test.TestController.lambda$createOrder$0:32 - springboot整合logstash... this is info level ......2022-09-13 15:21:55
""2022-09-13 15:22:00.076 ForkJoinPool.commonPool-worker-3 INFO   h.soft.elk.test.TestController.lambda$createOrder$0:32 - springboot整合logstash... this is info level ......2022-09-13 15:22:00
""2022-09-13 15:22:05.090 ForkJoinPool.commonPool-worker-3 INFO   h.soft.elk.test.TestController.lambda$createOrder$0:32 - springboot整合logstash... this is info level ......2022-09-13 15:22:05
""2022-09-13 15:22:10.102 ForkJoinPool.commonPool-worker-3 INFO   h.soft.elk.test.TestController.lambda$createOrder$0:32 - springboot整合logstash... this is info level ......2022-09-13 15:22:10
""2022-09-13 15:22:15.111 ForkJoinPool.commonPool-worker-3 INFO   h.soft.elk.test.TestController.lambda$createOrder$0:32 - springboot整合logstash... this is info level ......2022-09-13 15:22:15
""2022-09-13 15:22:20.116 ForkJoinPool.commonPool-worker-3 INFO   h.soft.elk.test.TestController.lambda$createOrder$0:32 - springboot整合logstash... this is info level ......2022-09-13 15:22:20
""2022-09-13 15:22:25.130 ForkJoinPool.commonPool-worker-3 INFO   h.soft.elk.test.TestController.lambda$createOrder$0:32 - springboot整合logstash... this is info level ......2022-09-13 15:22:25
""2022-09-13 15:22:30.139 ForkJoinPool.commonPool-worker-3 INFO   h.soft.elk.test.TestController.lambda$createOrder$0:32 - springboot整合logstash... this is info level ......2022-09-13 15:22:30
""2022-09-13 15:22:35.148 ForkJoinPool.commonPool-worker-3 INFO   h.soft.elk.test.TestController.lambda$createOrder$0:32 - springboot整合logstash... this is info level ......2022-09-13 15:22:35
""2022-09-13 15:22:40.152 ForkJoinPool.commonPool-worker-3 INFO   h.soft.elk.test.TestController.lambda$createOrder$0:32 - springboot整合logstash... this is info level ......2022-09-13 15:22:40
""2022-09-13 15:22:45.163 ForkJoinPool.commonPool-worker-3 INFO   h.soft.elk.test.TestController.lambda$createOrder$0:32 - springboot整合logstash... this is info level ......2022-09-13 15:22:45
""2022-09-13 15:22:50.165 ForkJoinPool.commonPool-worker-3 INFO   h.soft.elk.test.TestController.lambda$createOrder$0:32 - springboot整合logstash... this is info level ......2022-09-13 15:22:50
""2022-09-13 15:22:55.177 ForkJoinPool.commonPool-worker-3 INFO   h.soft.elk.test.TestController.lambda$createOrder$0:32 - springboot整合logstash... this is info level ......2022-09-13 15:22:55
""2022-09-13 15:23:00.186 ForkJoinPool.commonPool-worker-3 INFO   h.soft.elk.test.TestController.lambda$createOrder$0:32 - springboot整合logstash... this is info level ......2022-09-13 15:23:00
""2022-09-13 15:23:05.202 ForkJoinPool.commonPool-worker-3 INFO   h.soft.elk.test.TestController.lambda$createOrder$0:32 - springboot整合logstash... this is info level ......2022-09-13 15:23:05
""2022-09-13 15:23:10.209 ForkJoinPool.commonPool-worker-3 INFO   h.soft.elk.test.TestController.lambda$createOrder$0:32 - springboot整合logstash... this is info level ......2022-09-13 15:23:10
""2022-09-13 15:23:15.232 ForkJoinPool.commonPool-worker-3 INFO   h.soft.elk.test.TestController.lambda$createOrder$0:32 - springboot整合logstash... this is info level ......2022-09-13 15:23:15
""2022-09-13 15:23:20.233 ForkJoinPool.commonPool-worker-3 INFO   h.soft.elk.test.TestController.lambda$createOrder$0:32 - springboot整合logstash... this is info level ......2022-09-13 15:23:20
""2022-09-13 15:23:25.237 ForkJoinPool.commonPool-worker-3 INFO   h.soft.elk.test.TestController.lambda$createOrder$0:32 - springboot整合logstash... this is info level ......2022-09-13 15:23:25
""2022-09-13 15:23:30.250 ForkJoinPool.commonPool-worker-3 INFO   h.soft.elk.test.TestController.lambda$createOrder$0:32 - springboot整合logstash... this is info level ......2022-09-13 15:23:30
""2022-09-13 15:23:35.252 ForkJoinPool.commonPool-worker-3 INFO   h.soft.elk.test.TestController.lambda$createOrder$0:32 - springboot整合logstash... this is info level ......2022-09-13 15:23:35
""2022-09-13 15:23:40.260 ForkJoinPool.commonPool-worker-3 INFO   h.soft.elk.test.TestController.lambda$createOrder$0:32 - springboot整合logstash... this is info level ......2022-09-13 15:23:40
""2022-09-13 15:23:45.263 ForkJoinPool.commonPool-worker-3 INFO   h.soft.elk.test.TestController.lambda$createOrder$0:32 - springboot整合logstash... this is info level ......2022-09-13 15:23:45
""2022-09-13 15:23:50.265 ForkJoinPool.commonPool-worker-3 INFO   h.soft.elk.test.TestController.lambda$createOrder$0:32 - springboot整合logstash... this is info level ......2022-09-13 15:23:50
""2022-09-13 15:23:55.275 ForkJoinPool.commonPool-worker-3 INFO   h.soft.elk.test.TestController.lambda$createOrder$0:32 - springboot整合logstash... this is info level ......2022-09-13 15:23:55
""2022-09-13 15:24:00.283 ForkJoinPool.commonPool-worker-3 INFO   h.soft.elk.test.TestController.lambda$createOrder$0:32 - springboot整合logstash... this is info level ......2022-09-13 15:24:00
""2022-09-13 15:24:05.292 ForkJoinPool.commonPool-worker-3 INFO   h.soft.elk.test.TestController.lambda$createOrder$0:32 - springboot整合logstash... this is info level ......2022-09-13 15:24:05
""2022-09-13 15:24:10.298 ForkJoinPool.commonPool-worker-3 INFO   h.soft.elk.test.TestController.lambda$createOrder$0:32 - springboot整合logstash... this is info level ......2022-09-13 15:24:10
""2022-09-13 15:24:15.310 ForkJoinPool.commonPool-worker-3 INFO   h.soft.elk.test.TestController.lambda$createOrder$0:32 - springboot整合logstash... this is info level ......2022-09-13 15:24:15
""2022-09-13 15:24:20.319 ForkJoinPool.commonPool-worker-3 INFO   h.soft.elk.test.TestController.lambda$createOrder$0:32 - springboot整合logstash... this is info level ......2022-09-13 15:24:20
""2022-09-13 15:24:25.331 ForkJoinPool.commonPool-worker-3 INFO   h.soft.elk.test.TestController.lambda$createOrder$0:32 - springboot整合logstash... this is info level ......2022-09-13 15:24:25
""2022-09-13 15:24:30.332 ForkJoinPool.commonPool-worker-3 INFO   h.soft.elk.test.TestController.lambda$createOrder$0:32 - springboot整合logstash... this is info level ......2022-09-13 15:24:30
""2022-09-13 15:24:35.339 ForkJoinPool.commonPool-worker-3 INFO   h.soft.elk.test.TestController.lambda$createOrder$0:32 - springboot整合logstash... this is info level ......2022-09-13 15:24:35
""2022-09-13 15:24:40.351 ForkJoinPool.commonPool-worker-3 INFO   h.soft.elk.test.TestController.lambda$createOrder$0:32 - springboot整合logstash... this is info level ......2022-09-13 15:24:40
""2022-09-13 15:24:45.360 ForkJoinPool.commonPool-worker-3 INFO   h.soft.elk.test.TestController.lambda$createOrder$0:32 - springboot整合logstash... this is info level ......2022-09-13 15:24:45
""2022-09-13 15:24:50.361 ForkJoinPool.commonPool-worker-3 INFO   h.soft.elk.test.TestController.lambda$createOrder$0:32 - springboot整合logstash... this is info level ......2022-09-13 15:24:50
""2022-09-13 15:24:55.372 ForkJoinPool.commonPool-worker-3 INFO   h.soft.elk.test.TestController.lambda$createOrder$0:32 - springboot整合logstash... this is info level ......2022-09-13 15:24:55
""2022-09-13 15:25:00.386 ForkJoinPool.commonPool-worker-3 INFO   h.soft.elk.test.TestController.lambda$createOrder$0:32 - springboot整合logstash... this is info level ......2022-09-13 15:25:00
""2022-09-13 15:25:05.396 ForkJoinPool.commonPool-worker-3 INFO   h.soft.elk.test.TestController.lambda$createOrder$0:32 - springboot整合logstash... this is info level ......2022-09-13 15:25:05
""2022-09-13 15:25:10.403 ForkJoinPool.commonPool-worker-3 INFO   h.soft.elk.test.TestController.lambda$createOrder$0:32 - springboot整合logstash... this is info level ......2022-09-13 15:25:10
""2022-09-13 15:25:15.408 ForkJoinPool.commonPool-worker-3 INFO   h.soft.elk.test.TestController.lambda$createOrder$0:32 - springboot整合logstash... this is info level ......2022-09-13 15:25:15
""2022-09-13 15:25:20.420 ForkJoinPool.commonPool-worker-3 INFO   h.soft.elk.test.TestController.lambda$createOrder$0:32 - springboot整合logstash... this is info level ......2022-09-13 15:25:20
""2022-09-13 15:25:25.434 ForkJoinPool.commonPool-worker-3 INFO   h.soft.elk.test.TestController.lambda$createOrder$0:32 - springboot整合logstash... this is info level ......2022-09-13 15:25:25
""2022-09-13 15:25:30.435 ForkJoinPool.commonPool-worker-3 INFO   h.soft.elk.test.TestController.lambda$createOrder$0:32 - springboot整合logstash... this is info level ......2022-09-13 15:25:30
""2022-09-13 15:25:35.441 ForkJoinPool.commonPool-worker-3 INFO   h.soft.elk.test.TestController.lambda$createOrder$0:32 - springboot整合logstash... this is info level ......2022-09-13 15:25:35
""2022-09-13 15:25:40.450 ForkJoinPool.commonPool-worker-3 INFO   h.soft.elk.test.TestController.lambda$createOrder$0:32 - springboot整合logstash... this is info level ......2022-09-13 15:25:40
""2022-09-13 15:25:45.459 ForkJoinPool.commonPool-worker-3 INFO   h.soft.elk.test.TestController.lambda$createOrder$0:32 - springboot整合logstash... this is info level ......2022-09-13 15:25:45
""2022-09-13 15:25:50.463 ForkJoinPool.commonPool-worker-3 INFO   h.soft.elk.test.TestController.lambda$createOrder$0:32 - springboot整合logstash... this is info level ......2022-09-13 15:25:50
""2022-09-13 15:25:55.476 ForkJoinPool.commonPool-worker-3 INFO   h.soft.elk.test.TestController.lambda$createOrder$0:32 - springboot整合logstash... this is info level ......2022-09-13 15:25:55
""2022-09-13 15:26:00.490 ForkJoinPool.commonPool-worker-3 INFO   h.soft.elk.test.TestController.lambda$createOrder$0:32 - springboot整合logstash... this is info level ......2022-09-13 15:26:00
""2022-09-13 15:26:05.500 ForkJoinPool.commonPool-worker-3 INFO   h.soft.elk.test.TestController.lambda$createOrder$0:32 - springboot整合logstash... this is info level ......2022-09-13 15:26:05
""2022-09-13 15:26:10.502 ForkJoinPool.commonPool-worker-3 INFO   h.soft.elk.test.TestController.lambda$createOrder$0:32 - springboot整合logstash... this is info level ......2022-09-13 15:26:10
""2022-09-13 15:26:15.511 ForkJoinPool.commonPool-worker-3 INFO   h.soft.elk.test.TestController.lambda$createOrder$0:32 - springboot整合logstash... this is info level ......2022-09-13 15:26:15
""2022-09-13 15:26:20.520 ForkJoinPool.commonPool-worker-3 INFO   h.soft.elk.test.TestController.lambda$createOrder$0:32 - springboot整合logstash... this is info level ......2022-09-13 15:26:20
""2022-09-13 15:26:25.533 ForkJoinPool.commonPool-worker-3 INFO   h.soft.elk.test.TestController.lambda$createOrder$0:32 - springboot整合logstash... this is info level ......2022-09-13 15:26:25
""2022-09-13 15:26:30.536 ForkJoinPool.commonPool-worker-3 INFO   h.soft.elk.test.TestController.lambda$createOrder$0:32 - springboot整合logstash... this is info level ......2022-09-13 15:26:30
""2022-09-13 15:26:35.544 ForkJoinPool.commonPool-worker-3 INFO   h.soft.elk.test.TestController.lambda$createOrder$0:32 - springboot整合logstash... this is info level ......2022-09-13 15:26:35
""2022-09-13 15:26:40.556 ForkJoinPool.commonPool-worker-3 INFO   h.soft.elk.test.TestController.lambda$createOrder$0:32 - springboot整合logstash... this is info level ......2022-09-13 15:26:40
""2022-09-13 15:26:45.569 ForkJoinPool.commonPool-worker-3 INFO   h.soft.elk.test.TestController.lambda$createOrder$0:32 - springboot整合logstash... this is info level ......2022-09-13 15:26:45
""2022-09-13 15:26:50.581 ForkJoinPool.commonPool-worker-3 INFO   h.soft.elk.test.TestController.lambda$createOrder$0:32 - springboot整合logstash... this is info level ......2022-09-13 15:26:50
""2022-09-13 15:26:55.595 ForkJoinPool.commonPool-worker-3 INFO   h.soft.elk.test.TestController.lambda$createOrder$0:32 - springboot整合logstash... this is info level ......2022-09-13 15:26:55
""2022-09-13 15:27:00.606 ForkJoinPool.commonPool-worker-3 INFO   h.soft.elk.test.TestController.lambda$createOrder$0:32 - springboot整合logstash... this is info level ......2022-09-13 15:27:00
""2022-09-13 15:27:05.609 ForkJoinPool.commonPool-worker-3 INFO   h.soft.elk.test.TestController.lambda$createOrder$0:32 - springboot整合logstash... this is info level ......2022-09-13 15:27:05
""2022-09-13 15:27:10.610 ForkJoinPool.commonPool-worker-3 INFO   h.soft.elk.test.TestController.lambda$createOrder$0:32 - springboot整合logstash... this is info level ......2022-09-13 15:27:10
""2022-09-13 15:27:15.618 ForkJoinPool.commonPool-worker-3 INFO   h.soft.elk.test.TestController.lambda$createOrder$0:32 - springboot整合logstash... this is info level ......2022-09-13 15:27:15
""2022-09-13 15:27:20.627 ForkJoinPool.commonPool-worker-3 INFO   h.soft.elk.test.TestController.lambda$createOrder$0:32 - springboot整合logstash... this is info level ......2022-09-13 15:27:20
""2022-09-13 15:27:25.634 ForkJoinPool.commonPool-worker-3 INFO   h.soft.elk.test.TestController.lambda$createOrder$0:32 - springboot整合logstash... this is info level ......2022-09-13 15:27:25
""2022-09-13 15:27:30.644 ForkJoinPool.commonPool-worker-3 INFO   h.soft.elk.test.TestController.lambda$createOrder$0:32 - springboot整合logstash... this is info level ......2022-09-13 15:27:30
""2022-09-13 15:27:35.655 ForkJoinPool.commonPool-worker-3 INFO   h.soft.elk.test.TestController.lambda$createOrder$0:32 - springboot整合logstash... this is info level ......2022-09-13 15:27:35
""2022-09-13 15:27:40.657 ForkJoinPool.commonPool-worker-3 INFO   h.soft.elk.test.TestController.lambda$createOrder$0:32 - springboot整合logstash... this is info level ......2022-09-13 15:27:40
""2022-09-13 15:27:45.672 ForkJoinPool.commonPool-worker-3 INFO   h.soft.elk.test.TestController.lambda$createOrder$0:32 - springboot整合logstash... this is info level ......2022-09-13 15:27:45
""2022-09-13 15:27:50.682 ForkJoinPool.commonPool-worker-3 INFO   h.soft.elk.test.TestController.lambda$createOrder$0:32 - springboot整合logstash... this is info level ......2022-09-13 15:27:50
""2022-09-13 15:27:55.684 ForkJoinPool.commonPool-worker-3 INFO   h.soft.elk.test.TestController.lambda$createOrder$0:32 - springboot整合logstash... this is info level ......2022-09-13 15:27:55
""2022-09-13 15:28:00.693 ForkJoinPool.commonPool-worker-3 INFO   h.soft.elk.test.TestController.lambda$createOrder$0:32 - springboot整合logstash... this is info level ......2022-09-13 15:28:00
""2022-09-13 15:28:05.696 ForkJoinPool.commonPool-worker-3 INFO   h.soft.elk.test.TestController.lambda$createOrder$0:32 - springboot整合logstash... this is info level ......2022-09-13 15:28:05
""2022-09-13 15:28:10.704 ForkJoinPool.commonPool-worker-3 INFO   h.soft.elk.test.TestController.lambda$createOrder$0:32 - springboot整合logstash... this is info level ......2022-09-13 15:28:10
""2022-09-13 15:28:15.710 ForkJoinPool.commonPool-worker-3 INFO   h.soft.elk.test.TestController.lambda$createOrder$0:32 - springboot整合logstash... this is info level ......2022-09-13 15:28:15
""2022-09-13 15:28:20.717 ForkJoinPool.commonPool-worker-3 INFO   h.soft.elk.test.TestController.lambda$createOrder$0:32 - springboot整合logstash... this is info level ......2022-09-13 15:28:20
""2022-09-13 15:28:25.732 ForkJoinPool.commonPool-worker-3 INFO   h.soft.elk.test.TestController.lambda$createOrder$0:32 - springboot整合logstash... this is info level ......2022-09-13 15:28:25
""2022-09-13 15:28:30.737 ForkJoinPool.commonPool-worker-3 INFO   h.soft.elk.test.TestController.lambda$createOrder$0:32 - springboot整合logstash... this is info level ......2022-09-13 15:28:30
""2022-09-13 15:28:35.752 ForkJoinPool.commonPool-worker-3 INFO   h.soft.elk.test.TestController.lambda$createOrder$0:32 - springboot整合logstash... this is info level ......2022-09-13 15:28:35
""2022-09-13 15:28:40.766 ForkJoinPool.commonPool-worker-3 INFO   h.soft.elk.test.TestController.lambda$createOrder$0:32 - springboot整合logstash... this is info level ......2022-09-13 15:28:40
""2022-09-13 15:28:45.777 ForkJoinPool.commonPool-worker-3 INFO   h.soft.elk.test.TestController.lambda$createOrder$0:32 - springboot整合logstash... this is info level ......2022-09-13 15:28:45
""2022-09-13 15:28:50.781 ForkJoinPool.commonPool-worker-3 INFO   h.soft.elk.test.TestController.lambda$createOrder$0:32 - springboot整合logstash... this is info level ......2022-09-13 15:28:50
""2022-09-13 15:28:55.789 ForkJoinPool.commonPool-worker-3 INFO   h.soft.elk.test.TestController.lambda$createOrder$0:32 - springboot整合logstash... this is info level ......2022-09-13 15:28:55
""2022-09-13 15:29:00.802 ForkJoinPool.commonPool-worker-3 INFO   h.soft.elk.test.TestController.lambda$createOrder$0:32 - springboot整合logstash... this is info level ......2022-09-13 15:29:00
""2022-09-13 15:29:05.807 ForkJoinPool.commonPool-worker-3 INFO   h.soft.elk.test.TestController.lambda$createOrder$0:32 - springboot整合logstash... this is info level ......2022-09-13 15:29:05
""2022-09-13 15:29:10.808 ForkJoinPool.commonPool-worker-3 INFO   h.soft.elk.test.TestController.lambda$createOrder$0:32 - springboot整合logstash... this is info level ......2022-09-13 15:29:10
""2022-09-13 15:29:15.817 ForkJoinPool.commonPool-worker-3 INFO   h.soft.elk.test.TestController.lambda$createOrder$0:32 - springboot整合logstash... this is info level ......2022-09-13 15:29:15
""2022-09-13 15:29:20.819 ForkJoinPool.commonPool-worker-3 INFO   h.soft.elk.test.TestController.lambda$createOrder$0:32 - springboot整合logstash... this is info level ......2022-09-13 15:29:20
""2022-09-13 15:29:25.833 ForkJoinPool.commonPool-worker-3 INFO   h.soft.elk.test.TestController.lambda$createOrder$0:32 - springboot整合logstash... this is info level ......2022-09-13 15:29:25
""2022-09-13 15:29:30.845 ForkJoinPool.commonPool-worker-3 INFO   h.soft.elk.test.TestController.lambda$createOrder$0:32 - springboot整合logstash... this is info level ......2022-09-13 15:29:30
""2022-09-13 15:29:35.855 ForkJoinPool.commonPool-worker-3 INFO   h.soft.elk.test.TestController.lambda$createOrder$0:32 - springboot整合logstash... this is info level ......2022-09-13 15:29:35
""2022-09-13 15:29:40.862 ForkJoinPool.commonPool-worker-3 INFO   h.soft.elk.test.TestController.lambda$createOrder$0:32 - springboot整合logstash... this is info level ......2022-09-13 15:29:40
""2022-09-13 15:29:45.867 ForkJoinPool.commonPool-worker-3 INFO   h.soft.elk.test.TestController.lambda$createOrder$0:32 - springboot整合logstash... this is info level ......2022-09-13 15:29:45
""2022-09-13 15:29:50.867 ForkJoinPool.commonPool-worker-3 INFO   h.soft.elk.test.TestController.lambda$createOrder$0:32 - springboot整合logstash... this is info level ......2022-09-13 15:29:50
""2022-09-13 15:29:55.870 ForkJoinPool.commonPool-worker-3 INFO   h.soft.elk.test.TestController.lambda$createOrder$0:32 - springboot整合logstash... this is info level ......2022-09-13 15:29:55
""2022-09-13 15:30:00.874 ForkJoinPool.commonPool-worker-3 INFO   h.soft.elk.test.TestController.lambda$createOrder$0:32 - springboot整合logstash... this is info level ......2022-09-13 15:30:00
""2022-09-13 15:30:05.880 ForkJoinPool.commonPool-worker-3 INFO   h.soft.elk.test.TestController.lambda$createOrder$0:32 - springboot整合logstash... this is info level ......2022-09-13 15:30:05
""2022-09-13 15:30:10.884 ForkJoinPool.commonPool-worker-3 INFO   h.soft.elk.test.TestController.lambda$createOrder$0:32 - springboot整合logstash... this is info level ......2022-09-13 15:30:10
""2022-09-13 15:30:15.894 ForkJoinPool.commonPool-worker-3 INFO   h.soft.elk.test.TestController.lambda$createOrder$0:32 - springboot整合logstash... this is info level ......2022-09-13 15:30:15
""2022-09-13 15:30:20.902 ForkJoinPool.commonPool-worker-3 INFO   h.soft.elk.test.TestController.lambda$createOrder$0:32 - springboot整合logstash... this is info level ......2022-09-13 15:30:20
""2022-09-13 15:30:25.904 ForkJoinPool.commonPool-worker-3 INFO   h.soft.elk.test.TestController.lambda$createOrder$0:32 - springboot整合logstash... this is info level ......2022-09-13 15:30:25
""2022-09-13 15:30:30.919 ForkJoinPool.commonPool-worker-3 INFO   h.soft.elk.test.TestController.lambda$createOrder$0:32 - springboot整合logstash... this is info level ......2022-09-13 15:30:30
""2022-09-13 15:30:35.928 ForkJoinPool.commonPool-worker-3 INFO   h.soft.elk.test.TestController.lambda$createOrder$0:32 - springboot整合logstash... this is info level ......2022-09-13 15:30:35
""2022-09-13 15:30:40.942 ForkJoinPool.commonPool-worker-3 INFO   h.soft.elk.test.TestController.lambda$createOrder$0:32 - springboot整合logstash... this is info level ......2022-09-13 15:30:40
""2022-09-13 15:30:45.951 ForkJoinPool.commonPool-worker-3 INFO   h.soft.elk.test.TestController.lambda$createOrder$0:32 - springboot整合logstash... this is info level ......2022-09-13 15:30:45
""2022-09-13 15:30:50.958 ForkJoinPool.commonPool-worker-3 INFO   h.soft.elk.test.TestController.lambda$createOrder$0:32 - springboot整合logstash... this is info level ......2022-09-13 15:30:50
""2022-09-13 15:30:55.972 ForkJoinPool.commonPool-worker-3 INFO   h.soft.elk.test.TestController.lambda$createOrder$0:32 - springboot整合logstash... this is info level ......2022-09-13 15:30:55
""2022-09-13 15:31:00.982 ForkJoinPool.commonPool-worker-3 INFO   h.soft.elk.test.TestController.lambda$createOrder$0:32 - springboot整合logstash... this is info level ......2022-09-13 15:31:00
""2022-09-13 15:31:05.995 ForkJoinPool.commonPool-worker-3 INFO   h.soft.elk.test.TestController.lambda$createOrder$0:32 - springboot整合logstash... this is info level ......2022-09-13 15:31:05
""2022-09-13 15:31:11.003 ForkJoinPool.commonPool-worker-3 INFO   h.soft.elk.test.TestController.lambda$createOrder$0:32 - springboot整合logstash... this is info level ......2022-09-13 15:31:11
""2022-09-13 15:31:16.017 ForkJoinPool.commonPool-worker-3 INFO   h.soft.elk.test.TestController.lambda$createOrder$0:32 - springboot整合logstash... this is info level ......2022-09-13 15:31:16
""2022-09-13 15:31:21.021 ForkJoinPool.commonPool-worker-3 INFO   h.soft.elk.test.TestController.lambda$createOrder$0:32 - springboot整合logstash... this is info level ......2022-09-13 15:31:21
""2022-09-13 15:31:26.031 ForkJoinPool.commonPool-worker-3 INFO   h.soft.elk.test.TestController.lambda$createOrder$0:32 - springboot整合logstash... this is info level ......2022-09-13 15:31:26
""2022-09-13 15:31:31.042 ForkJoinPool.commonPool-worker-3 INFO   h.soft.elk.test.TestController.lambda$createOrder$0:32 - springboot整合logstash... this is info level ......2022-09-13 15:31:31
""2022-09-13 15:31:36.046 ForkJoinPool.commonPool-worker-3 INFO   h.soft.elk.test.TestController.lambda$createOrder$0:32 - springboot整合logstash... this is info level ......2022-09-13 15:31:36
""2022-09-13 15:31:41.068 ForkJoinPool.commonPool-worker-3 INFO   h.soft.elk.test.TestController.lambda$createOrder$0:32 - springboot整合logstash... this is info level ......2022-09-13 15:31:41
""2022-09-13 15:31:46.078 ForkJoinPool.commonPool-worker-3 INFO   h.soft.elk.test.TestController.lambda$createOrder$0:32 - springboot整合logstash... this is info level ......2022-09-13 15:31:46
""2022-09-13 15:31:51.089 ForkJoinPool.commonPool-worker-3 INFO   h.soft.elk.test.TestController.lambda$createOrder$0:32 - springboot整合logstash... this is info level ......2022-09-13 15:31:51
""2022-09-13 15:31:56.100 ForkJoinPool.commonPool-worker-3 INFO   h.soft.elk.test.TestController.lambda$createOrder$0:32 - springboot整合logstash... this is info level ......2022-09-13 15:31:56
""2022-09-13 15:32:01.111 ForkJoinPool.commonPool-worker-3 INFO   h.soft.elk.test.TestController.lambda$createOrder$0:32 - springboot整合logstash... this is info level ......2022-09-13 15:32:01
""2022-09-13 15:32:06.112 ForkJoinPool.commonPool-worker-3 INFO   h.soft.elk.test.TestController.lambda$createOrder$0:32 - springboot整合logstash... this is info level ......2022-09-13 15:32:06
""2022-09-13 15:32:11.119 ForkJoinPool.commonPool-worker-3 INFO   h.soft.elk.test.TestController.lambda$createOrder$0:32 - springboot整合logstash... this is info level ......2022-09-13 15:32:11
""2022-09-13 15:32:16.126 ForkJoinPool.commonPool-worker-3 INFO   h.soft.elk.test.TestController.lambda$createOrder$0:32 - springboot整合logstash... this is info level ......2022-09-13 15:32:16
""2022-09-13 15:32:21.142 ForkJoinPool.commonPool-worker-3 INFO   h.soft.elk.test.TestController.lambda$createOrder$0:32 - springboot整合logstash... this is info level ......2022-09-13 15:32:21
""2022-09-13 15:32:26.150 ForkJoinPool.commonPool-worker-3 INFO   h.soft.elk.test.TestController.lambda$createOrder$0:32 - springboot整合logstash... this is info level ......2022-09-13 15:32:26
""2022-09-13 15:32:31.163 ForkJoinPool.commonPool-worker-3 INFO   h.soft.elk.test.TestController.lambda$createOrder$0:32 - springboot整合logstash... this is info level ......2022-09-13 15:32:31
""2022-09-13 15:32:36.165 ForkJoinPool.commonPool-worker-3 INFO   h.soft.elk.test.TestController.lambda$createOrder$0:32 - springboot整合logstash... this is info level ......2022-09-13 15:32:36
""2022-09-13 15:32:41.177 ForkJoinPool.commonPool-worker-3 INFO   h.soft.elk.test.TestController.lambda$createOrder$0:32 - springboot整合logstash... this is info level ......2022-09-13 15:32:41
""2022-09-13 15:32:46.181 ForkJoinPool.commonPool-worker-3 INFO   h.soft.elk.test.TestController.lambda$createOrder$0:32 - springboot整合logstash... this is info level ......2022-09-13 15:32:46
""2022-09-13 15:32:51.186 ForkJoinPool.commonPool-worker-3 INFO   h.soft.elk.test.TestController.lambda$createOrder$0:32 - springboot整合logstash... this is info level ......2022-09-13 15:32:51
""2022-09-13 15:32:56.200 ForkJoinPool.commonPool-worker-3 INFO   h.soft.elk.test.TestController.lambda$createOrder$0:32 - springboot整合logstash... this is info level ......2022-09-13 15:32:56
""2022-09-13 15:33:01.203 ForkJoinPool.commonPool-worker-3 INFO   h.soft.elk.test.TestController.lambda$createOrder$0:32 - springboot整合logstash... this is info level ......2022-09-13 15:33:01
""2022-09-13 15:33:06.215 ForkJoinPool.commonPool-worker-3 INFO   h.soft.elk.test.TestController.lambda$createOrder$0:32 - springboot整合logstash... this is info level ......2022-09-13 15:33:06
""2022-09-13 15:33:11.229 ForkJoinPool.commonPool-worker-3 INFO   h.soft.elk.test.TestController.lambda$createOrder$0:32 - springboot整合logstash... this is info level ......2022-09-13 15:33:11
""2022-09-13 15:33:16.242 ForkJoinPool.commonPool-worker-3 INFO   h.soft.elk.test.TestController.lambda$createOrder$0:32 - springboot整合logstash... this is info level ......2022-09-13 15:33:16
""2022-09-13 15:33:21.252 ForkJoinPool.commonPool-worker-3 INFO   h.soft.elk.test.TestController.lambda$createOrder$0:32 - springboot整合logstash... this is info level ......2022-09-13 15:33:21
""2022-09-13 15:33:26.258 ForkJoinPool.commonPool-worker-3 INFO   h.soft.elk.test.TestController.lambda$createOrder$0:32 - springboot整合logstash... this is info level ......2022-09-13 15:33:26
""2022-09-13 15:33:31.261 ForkJoinPool.commonPool-worker-3 INFO   h.soft.elk.test.TestController.lambda$createOrder$0:32 - springboot整合logstash... this is info level ......2022-09-13 15:33:31
""2022-09-13 15:33:36.264 ForkJoinPool.commonPool-worker-3 INFO   h.soft.elk.test.TestController.lambda$createOrder$0:32 - springboot整合logstash... this is info level ......2022-09-13 15:33:36
""2022-09-13 15:33:41.277 ForkJoinPool.commonPool-worker-3 INFO   h.soft.elk.test.TestController.lambda$createOrder$0:32 - springboot整合logstash... this is info level ......2022-09-13 15:33:41
""2022-09-13 15:33:46.284 ForkJoinPool.commonPool-worker-3 INFO   h.soft.elk.test.TestController.lambda$createOrder$0:32 - springboot整合logstash... this is info level ......2022-09-13 15:33:46
""2022-09-13 15:33:51.286 ForkJoinPool.commonPool-worker-3 INFO   h.soft.elk.test.TestController.lambda$createOrder$0:32 - springboot整合logstash... this is info level ......2022-09-13 15:33:51
""2022-09-13 15:33:56.302 ForkJoinPool.commonPool-worker-3 INFO   h.soft.elk.test.TestController.lambda$createOrder$0:32 - springboot整合logstash... this is info level ......2022-09-13 15:33:56
""2022-09-13 15:34:01.312 ForkJoinPool.commonPool-worker-3 INFO   h.soft.elk.test.TestController.lambda$createOrder$0:32 - springboot整合logstash... this is info level ......2022-09-13 15:34:01
""2022-09-13 15:34:06.314 ForkJoinPool.commonPool-worker-3 INFO   h.soft.elk.test.TestController.lambda$createOrder$0:32 - springboot整合logstash... this is info level ......2022-09-13 15:34:06
""2022-09-13 15:34:11.320 ForkJoinPool.commonPool-worker-3 INFO   h.soft.elk.test.TestController.lambda$createOrder$0:32 - springboot整合logstash... this is info level ......2022-09-13 15:34:11
""2022-09-13 15:34:16.334 ForkJoinPool.commonPool-worker-3 INFO   h.soft.elk.test.TestController.lambda$createOrder$0:32 - springboot整合logstash... this is info level ......2022-09-13 15:34:16
""2022-09-13 15:34:21.341 ForkJoinPool.commonPool-worker-3 INFO   h.soft.elk.test.TestController.lambda$createOrder$0:32 - springboot整合logstash... this is info level ......2022-09-13 15:34:21
""2022-09-13 15:34:26.343 ForkJoinPool.commonPool-worker-3 INFO   h.soft.elk.test.TestController.lambda$createOrder$0:32 - springboot整合logstash... this is info level ......2022-09-13 15:34:26
""2022-09-13 15:34:31.349 ForkJoinPool.commonPool-worker-3 INFO   h.soft.elk.test.TestController.lambda$createOrder$0:32 - springboot整合logstash... this is info level ......2022-09-13 15:34:31
""2022-09-13 15:34:36.350 ForkJoinPool.commonPool-worker-3 INFO   h.soft.elk.test.TestController.lambda$createOrder$0:32 - springboot整合logstash... this is info level ......2022-09-13 15:34:36
""2022-09-13 15:34:41.353 ForkJoinPool.commonPool-worker-3 INFO   h.soft.elk.test.TestController.lambda$createOrder$0:32 - springboot整合logstash... this is info level ......2022-09-13 15:34:41
""2022-09-13 15:34:46.357 ForkJoinPool.commonPool-worker-3 INFO   h.soft.elk.test.TestController.lambda$createOrder$0:32 - springboot整合logstash... this is info level ......2022-09-13 15:34:46
""2022-09-13 15:34:51.366 ForkJoinPool.commonPool-worker-3 INFO   h.soft.elk.test.TestController.lambda$createOrder$0:32 - springboot整合logstash... this is info level ......2022-09-13 15:34:51
""2022-09-13 15:34:56.376 ForkJoinPool.commonPool-worker-3 INFO   h.soft.elk.test.TestController.lambda$createOrder$0:32 - springboot整合logstash... this is info level ......2022-09-13 15:34:56
""2022-09-13 15:35:01.380 ForkJoinPool.commonPool-worker-3 INFO   h.soft.elk.test.TestController.lambda$createOrder$0:32 - springboot整合logstash... this is info level ......2022-09-13 15:35:01
""2022-09-13 15:35:06.387 ForkJoinPool.commonPool-worker-3 INFO   h.soft.elk.test.TestController.lambda$createOrder$0:32 - springboot整合logstash... this is info level ......2022-09-13 15:35:06
""2022-09-13 15:35:11.391 ForkJoinPool.commonPool-worker-3 INFO   h.soft.elk.test.TestController.lambda$createOrder$0:32 - springboot整合logstash... this is info level ......2022-09-13 15:35:11
""2022-09-13 15:35:16.402 ForkJoinPool.commonPool-worker-3 INFO   h.soft.elk.test.TestController.lambda$createOrder$0:32 - springboot整合logstash... this is info level ......2022-09-13 15:35:16
""2022-09-13 15:35:21.412 ForkJoinPool.commonPool-worker-3 INFO   h.soft.elk.test.TestController.lambda$createOrder$0:32 - springboot整合logstash... this is info level ......2022-09-13 15:35:21
""2022-09-13 15:35:26.417 ForkJoinPool.commonPool-worker-3 INFO   h.soft.elk.test.TestController.lambda$createOrder$0:32 - springboot整合logstash... this is info level ......2022-09-13 15:35:26
""2022-09-13 15:35:31.428 ForkJoinPool.commonPool-worker-3 INFO   h.soft.elk.test.TestController.lambda$createOrder$0:32 - springboot整合logstash... this is info level ......2022-09-13 15:35:31
""2022-09-13 15:35:36.444 ForkJoinPool.commonPool-worker-3 INFO   h.soft.elk.test.TestController.lambda$createOrder$0:32 - springboot整合logstash... this is info level ......2022-09-13 15:35:36
""2022-09-13 15:35:41.450 ForkJoinPool.commonPool-worker-3 INFO   h.soft.elk.test.TestController.lambda$createOrder$0:32 - springboot整合logstash... this is info level ......2022-09-13 15:35:41
""2022-09-13 15:35:46.458 ForkJoinPool.commonPool-worker-3 INFO   h.soft.elk.test.TestController.lambda$createOrder$0:32 - springboot整合logstash... this is info level ......2022-09-13 15:35:46
""2022-09-13 15:35:51.465 ForkJoinPool.commonPool-worker-3 INFO   h.soft.elk.test.TestController.lambda$createOrder$0:32 - springboot整合logstash... this is info level ......2022-09-13 15:35:51
""2022-09-13 15:35:56.480 ForkJoinPool.commonPool-worker-3 INFO   h.soft.elk.test.TestController.lambda$createOrder$0:32 - springboot整合logstash... this is info level ......2022-09-13 15:35:56
""2022-09-13 15:36:01.494 ForkJoinPool.commonPool-worker-3 INFO   h.soft.elk.test.TestController.lambda$createOrder$0:32 - springboot整合logstash... this is info level ......2022-09-13 15:36:01
""2022-09-13 15:36:06.501 ForkJoinPool.commonPool-worker-3 INFO   h.soft.elk.test.TestController.lambda$createOrder$0:32 - springboot整合logstash... this is info level ......2022-09-13 15:36:06
""2022-09-13 15:36:11.504 ForkJoinPool.commonPool-worker-3 INFO   h.soft.elk.test.TestController.lambda$createOrder$0:32 - springboot整合logstash... this is info level ......2022-09-13 15:36:11
""2022-09-13 15:36:16.517 ForkJoinPool.commonPool-worker-3 INFO   h.soft.elk.test.TestController.lambda$createOrder$0:32 - springboot整合logstash... this is info level ......2022-09-13 15:36:16
""2022-09-13 15:36:21.530 ForkJoinPool.commonPool-worker-3 INFO   h.soft.elk.test.TestController.lambda$createOrder$0:32 - springboot整合logstash... this is info level ......2022-09-13 15:36:21
""2022-09-13 15:36:26.545 ForkJoinPool.commonPool-worker-3 INFO   h.soft.elk.test.TestController.lambda$createOrder$0:32 - springboot整合logstash... this is info level ......2022-09-13 15:36:26
""2022-09-13 15:36:31.558 ForkJoinPool.commonPool-worker-3 INFO   h.soft.elk.test.TestController.lambda$createOrder$0:32 - springboot整合logstash... this is info level ......2022-09-13 15:36:31
""2022-09-13 15:36:36.573 ForkJoinPool.commonPool-worker-3 INFO   h.soft.elk.test.TestController.lambda$createOrder$0:32 - springboot整合logstash... this is info level ......2022-09-13 15:36:36
""2022-09-13 15:36:41.583 ForkJoinPool.commonPool-worker-3 INFO   h.soft.elk.test.TestController.lambda$createOrder$0:32 - springboot整合logstash... this is info level ......2022-09-13 15:36:41
""2022-09-13 15:36:46.599 ForkJoinPool.commonPool-worker-3 INFO   h.soft.elk.test.TestController.lambda$createOrder$0:32 - springboot整合logstash... this is info level ......2022-09-13 15:36:46
""2022-09-13 15:36:51.612 ForkJoinPool.commonPool-worker-3 INFO   h.soft.elk.test.TestController.lambda$createOrder$0:32 - springboot整合logstash... this is info level ......2022-09-13 15:36:51
""2022-09-13 15:36:56.612 ForkJoinPool.commonPool-worker-3 INFO   h.soft.elk.test.TestController.lambda$createOrder$0:32 - springboot整合logstash... this is info level ......2022-09-13 15:36:56
""2022-09-13 15:37:01.619 ForkJoinPool.commonPool-worker-3 INFO   h.soft.elk.test.TestController.lambda$createOrder$0:32 - springboot整合logstash... this is info level ......2022-09-13 15:37:01
"